Flow report for SeqShiftUnit_Demo
Wed Apr 15 12:45:20 2020
Quartus Prime Version 17.1.0 Build 590 10/25/2017 SJ Lite Edition


---------------------
; Table of Contents ;
---------------------
  1. Legal Notice
  2. Flow Summary
  3. Flow Settings
  4. Flow Non-Default Global Settings
  5. Flow Elapsed Time
  6. Flow OS Summary
  7. Flow Log
  8. Flow Messages
  9. Flow Suppressed Messages



----------------
; Legal Notice ;
----------------
Copyright (C) 2017  Intel Corporation. All rights reserved.
Your use of Intel Corporation's design tools, logic functions 
and other software and tools, and its AMPP partner logic 
functions, and any output files from any of the foregoing 
(including device programming or simulation files), and any 
associated documentation or information are expressly subject 
to the terms and conditions of the Intel Program License 
Subscription Agreement, the Intel Quartus Prime License Agreement,
the Intel FPGA IP License Agreement, or other applicable license
agreement, including, without limitation, that your use is for
the sole purpose of programming logic devices manufactured by
Intel and sold by Intel or its authorized distributors.  Please
refer to the applicable agreement for further details.



+----------------------------------------------------------------------------------+
; Flow Summary                                                                     ;
+------------------------------------+---------------------------------------------+
; Flow Status                        ; Successful - Wed Apr 15 12:45:20 2020       ;
; Quartus Prime Version              ; 17.1.0 Build 590 10/25/2017 SJ Lite Edition ;
; Revision Name                      ; SeqShiftUnit_Demo                           ;
; Top-level Entity Name              ; SeqShiftUnit                                ;
; Family                             ; Cyclone IV E                                ;
; Device                             ; EP4CE115F29C7                               ;
; Timing Models                      ; Final                                       ;
; Total logic elements               ; 12 / 114,480 ( < 1 % )                      ;
;     Total combinational functions  ; 11 / 114,480 ( < 1 % )                      ;
;     Dedicated logic registers      ; 8 / 114,480 ( < 1 % )                       ;
; Total registers                    ; 8                                           ;
; Total pins                         ; 23 / 529 ( 4 % )                            ;
; Total virtual pins                 ; 0                                           ;
; Total memory bits                  ; 0 / 3,981,312 ( 0 % )                       ;
; Embedded Multiplier 9-bit elements ; 0 / 532 ( 0 % )                             ;
; Total PLLs                         ; 0 / 4 ( 0 % )                               ;
+------------------------------------+---------------------------------------------+


+-----------------------------------------+
; Flow Settings                           ;
+-------------------+---------------------+
; Option            ; Setting             ;
+-------------------+---------------------+
; Start date & time ; 04/15/2020 12:43:34 ;
; Main task         ; Compilation         ;
; Revision Name     ; SeqShiftUnit_Demo   ;
+-------------------+---------------------+


+----------------------------------------------------------------------------------------------------------------------------------+
; Flow Non-Default Global Settings                                                                                                 ;
+-------------------------------------+----------------------------------------+-------------------+--------------+----------------+
; Assignment Name                     ; Value                                  ; Default Value     ; Entity Name  ; Section Id     ;
+-------------------------------------+----------------------------------------+-------------------+--------------+----------------+
; COMPILER_SIGNATURE_ID               ; 5025750707615.158695101415132          ; --                ; --           ; --             ;
; EDA_OUTPUT_DATA_FORMAT              ; Vhdl                                   ; --                ; --           ; eda_simulation ;
; EDA_SIMULATION_TOOL                 ; ModelSim (VHDL)                        ; <None>            ; --           ; --             ;
; EDA_TIME_SCALE                      ; 1 ps                                   ; --                ; --           ; eda_simulation ;
; MAX_CORE_JUNCTION_TEMP              ; 85                                     ; --                ; --           ; --             ;
; MIN_CORE_JUNCTION_TEMP              ; 0                                      ; --                ; --           ; --             ;
; NOMINAL_CORE_SUPPLY_VOLTAGE         ; 1.2V                                   ; --                ; --           ; --             ;
; PARTITION_COLOR                     ; -- (Not supported for targeted family) ; --                ; SeqShiftUnit ; Top            ;
; PARTITION_FITTER_PRESERVATION_LEVEL ; -- (Not supported for targeted family) ; --                ; SeqShiftUnit ; Top            ;
; PARTITION_NETLIST_TYPE              ; -- (Not supported for targeted family) ; --                ; SeqShiftUnit ; Top            ;
; PROJECT_OUTPUT_DIRECTORY            ; output_files                           ; --                ; --           ; --             ;
; TOP_LEVEL_ENTITY                    ; SeqShiftUnit                           ; SeqShiftUnit_Demo ; --           ; --             ;
+-------------------------------------+----------------------------------------+-------------------+--------------+----------------+


+-------------------------------------------------------------------------------------------------------------------------------+
; Flow Elapsed Time                                                                                                             ;
+---------------------------+--------------+-------------------------+---------------------+------------------------------------+
; Module Name               ; Elapsed Time ; Average Processors Used ; Peak Virtual Memory ; Total CPU Time (on all processors) ;
+---------------------------+--------------+-------------------------+---------------------+------------------------------------+
; Analysis & Synthesis      ; 00:00:30     ; 1.0                     ; 4801 MB             ; 00:01:06                           ;
; Fitter                    ; 00:00:45     ; 1.0                     ; 5753 MB             ; 00:00:58                           ;
; Assembler                 ; 00:00:09     ; 1.0                     ; 4688 MB             ; 00:00:09                           ;
; TimeQuest Timing Analyzer ; 00:00:08     ; 1.0                     ; 4842 MB             ; 00:00:07                           ;
; EDA Netlist Writer        ; 00:00:05     ; 1.0                     ; 4654 MB             ; 00:00:04                           ;
; Total                     ; 00:01:37     ; --                      ; --                  ; 00:02:24                           ;
+---------------------------+--------------+-------------------------+---------------------+------------------------------------+


+-----------------------------------------------------------------------------------------+
; Flow OS Summary                                                                         ;
+---------------------------+------------------+------------+------------+----------------+
; Module Name               ; Machine Hostname ; OS Name    ; OS Version ; Processor type ;
+---------------------------+------------------+------------+------------+----------------+
; Analysis & Synthesis      ; DESKTOP-71J54T3  ; Windows 10 ; 10.0       ; x86_64         ;
; Fitter                    ; DESKTOP-71J54T3  ; Windows 10 ; 10.0       ; x86_64         ;
; Assembler                 ; DESKTOP-71J54T3  ; Windows 10 ; 10.0       ; x86_64         ;
; TimeQuest Timing Analyzer ; DESKTOP-71J54T3  ; Windows 10 ; 10.0       ; x86_64         ;
; EDA Netlist Writer        ; DESKTOP-71J54T3  ; Windows 10 ; 10.0       ; x86_64         ;
+---------------------------+------------------+------------+------------+----------------+


------------
; Flow Log ;
------------
quartus_map --read_settings_files=on --write_settings_files=off SeqShiftUnit_Demo -c SeqShiftUnit_Demo
quartus_fit --read_settings_files=off --write_settings_files=off SeqShiftUnit_Demo -c SeqShiftUnit_Demo
quartus_asm --read_settings_files=off --write_settings_files=off SeqShiftUnit_Demo -c SeqShiftUnit_Demo
quartus_sta SeqShiftUnit_Demo -c SeqShiftUnit_Demo
quartus_eda --read_settings_files=off --write_settings_files=off SeqShiftUnit_Demo -c SeqShiftUnit_Demo



