Analysis & Synthesis report for Project_Fase1
Sat May 30 03:01:23 2020
Quartus Prime Version 17.1.0 Build 590 10/25/2017 SJ Lite Edition


---------------------
; Table of Contents ;
---------------------
  1. Legal Notice
  2. Analysis & Synthesis Summary
  3. Analysis & Synthesis Settings
  4. Parallel Compilation
  5. Analysis & Synthesis Source Files Read
  6. Analysis & Synthesis Resource Usage Summary
  7. Analysis & Synthesis Resource Utilization by Entity
  8. Registers Removed During Synthesis
  9. General Register Statistics
 10. Parameter Settings for User Entity Instance: ProgramCounter_12:programcounter_12
 11. Parameter Settings for User Entity Instance: IMemory_16_16:imemory
 12. Parameter Settings for User Entity Instance: Mux2_1_8b:mux2_1_8b_1
 13. Parameter Settings for User Entity Instance: Registers8:registers8
 14. Parameter Settings for User Entity Instance: SignExtend_7b_to_8b:signextend_7b_to_8b
 15. Parameter Settings for User Entity Instance: Mux2_1_8b:mux2_1_8b_2
 16. Parameter Settings for User Entity Instance: Mux2_1_8b:mux2_1_8b_3
 17. Parameter Settings for User Entity Instance: DMemory_256_8:dmemory_256_8
 18. Parameter Settings for User Entity Instance: ALU8:alu8
 19. Post-Synthesis Netlist Statistics for Top Partition
 20. Elapsed Time Per Partition
 21. Analysis & Synthesis Messages



----------------
; Legal Notice ;
----------------
Copyright (C) 2017  Intel Corporation. All rights reserved.
Your use of Intel Corporation's design tools, logic functions 
and other software and tools, and its AMPP partner logic 
functions, and any output files from any of the foregoing 
(including device programming or simulation files), and any 
associated documentation or information are expressly subject 
to the terms and conditions of the Intel Program License 
Subscription Agreement, the Intel Quartus Prime License Agreement,
the Intel FPGA IP License Agreement, or other applicable license
agreement, including, without limitation, that your use is for
the sole purpose of programming logic devices manufactured by
Intel and sold by Intel or its authorized distributors.  Please
refer to the applicable agreement for further details.



+----------------------------------------------------------------------------------+
; Analysis & Synthesis Summary                                                     ;
+------------------------------------+---------------------------------------------+
; Analysis & Synthesis Status        ; Successful - Sat May 30 03:01:23 2020       ;
; Quartus Prime Version              ; 17.1.0 Build 590 10/25/2017 SJ Lite Edition ;
; Revision Name                      ; Project_Fase1                               ;
; Top-level Entity Name              ; Project_Fase1                               ;
; Family                             ; Cyclone IV E                                ;
; Total logic elements               ; 10                                          ;
;     Total combinational functions  ; 10                                          ;
;     Dedicated logic registers      ; 10                                          ;
; Total registers                    ; 10                                          ;
; Total pins                         ; 20                                          ;
; Total virtual pins                 ; 0                                           ;
; Total memory bits                  ; 0                                           ;
; Embedded Multiplier 9-bit elements ; 0                                           ;
; Total PLLs                         ; 0                                           ;
+------------------------------------+---------------------------------------------+


+----------------------------------------------------------------------------------------------------------------------+
; Analysis & Synthesis Settings                                                                                        ;
+----------------------------------------------------------------------------+--------------------+--------------------+
; Option                                                                     ; Setting            ; Default Value      ;
+----------------------------------------------------------------------------+--------------------+--------------------+
; Device                                                                     ; EP4CE115F29C7      ;                    ;
; Top-level entity name                                                      ; Project_Fase1      ; Project_Fase1      ;
; Family name                                                                ; Cyclone IV E       ; Cyclone V          ;
; Use smart compilation                                                      ; Off                ; Off                ;
; Enable parallel Assembler and TimeQuest Timing Analyzer during compilation ; On                 ; On                 ;
; Enable compact report table                                                ; Off                ; Off                ;
; Restructure Multiplexers                                                   ; Auto               ; Auto               ;
; Create Debugging Nodes for IP Cores                                        ; Off                ; Off                ;
; Preserve fewer node names                                                  ; On                 ; On                 ;
; Intel FPGA IP Evaluation Mode                                              ; Enable             ; Enable             ;
; Verilog Version                                                            ; Verilog_2001       ; Verilog_2001       ;
; VHDL Version                                                               ; VHDL_1993          ; VHDL_1993          ;
; State Machine Processing                                                   ; Auto               ; Auto               ;
; Safe State Machine                                                         ; Off                ; Off                ;
; Extract Verilog State Machines                                             ; On                 ; On                 ;
; Extract VHDL State Machines                                                ; On                 ; On                 ;
; Ignore Verilog initial constructs                                          ; Off                ; Off                ;
; Iteration limit for constant Verilog loops                                 ; 5000               ; 5000               ;
; Iteration limit for non-constant Verilog loops                             ; 250                ; 250                ;
; Add Pass-Through Logic to Inferred RAMs                                    ; On                 ; On                 ;
; Infer RAMs from Raw Logic                                                  ; On                 ; On                 ;
; Parallel Synthesis                                                         ; On                 ; On                 ;
; DSP Block Balancing                                                        ; Auto               ; Auto               ;
; NOT Gate Push-Back                                                         ; On                 ; On                 ;
; Power-Up Don't Care                                                        ; On                 ; On                 ;
; Remove Redundant Logic Cells                                               ; Off                ; Off                ;
; Remove Duplicate Registers                                                 ; On                 ; On                 ;
; Ignore CARRY Buffers                                                       ; Off                ; Off                ;
; Ignore CASCADE Buffers                                                     ; Off                ; Off                ;
; Ignore GLOBAL Buffers                                                      ; Off                ; Off                ;
; Ignore ROW GLOBAL Buffers                                                  ; Off                ; Off                ;
; Ignore LCELL Buffers                                                       ; Off                ; Off                ;
; Ignore SOFT Buffers                                                        ; On                 ; On                 ;
; Limit AHDL Integers to 32 Bits                                             ; Off                ; Off                ;
; Optimization Technique                                                     ; Balanced           ; Balanced           ;
; Carry Chain Length                                                         ; 70                 ; 70                 ;
; Auto Carry Chains                                                          ; On                 ; On                 ;
; Auto Open-Drain Pins                                                       ; On                 ; On                 ;
; Perform WYSIWYG Primitive Resynthesis                                      ; Off                ; Off                ;
; Auto ROM Replacement                                                       ; On                 ; On                 ;
; Auto RAM Replacement                                                       ; On                 ; On                 ;
; Auto DSP Block Replacement                                                 ; On                 ; On                 ;
; Auto Shift Register Replacement                                            ; Auto               ; Auto               ;
; Allow Shift Register Merging across Hierarchies                            ; Auto               ; Auto               ;
; Auto Clock Enable Replacement                                              ; On                 ; On                 ;
; Strict RAM Replacement                                                     ; Off                ; Off                ;
; Allow Synchronous Control Signals                                          ; On                 ; On                 ;
; Force Use of Synchronous Clear Signals                                     ; Off                ; Off                ;
; Auto RAM Block Balancing                                                   ; On                 ; On                 ;
; Auto RAM to Logic Cell Conversion                                          ; Off                ; Off                ;
; Auto Resource Sharing                                                      ; Off                ; Off                ;
; Allow Any RAM Size For Recognition                                         ; Off                ; Off                ;
; Allow Any ROM Size For Recognition                                         ; Off                ; Off                ;
; Allow Any Shift Register Size For Recognition                              ; Off                ; Off                ;
; Use LogicLock Constraints during Resource Balancing                        ; On                 ; On                 ;
; Ignore translate_off and synthesis_off directives                          ; Off                ; Off                ;
; Timing-Driven Synthesis                                                    ; On                 ; On                 ;
; Report Parameter Settings                                                  ; On                 ; On                 ;
; Report Source Assignments                                                  ; On                 ; On                 ;
; Report Connectivity Checks                                                 ; On                 ; On                 ;
; Ignore Maximum Fan-Out Assignments                                         ; Off                ; Off                ;
; Synchronization Register Chain Length                                      ; 2                  ; 2                  ;
; Power Optimization During Synthesis                                        ; Normal compilation ; Normal compilation ;
; HDL message level                                                          ; Level2             ; Level2             ;
; Suppress Register Optimization Related Messages                            ; Off                ; Off                ;
; Number of Removed Registers Reported in Synthesis Report                   ; 5000               ; 5000               ;
; Number of Swept Nodes Reported in Synthesis Report                         ; 5000               ; 5000               ;
; Number of Inverted Registers Reported in Synthesis Report                  ; 100                ; 100                ;
; Clock MUX Protection                                                       ; On                 ; On                 ;
; Auto Gated Clock Conversion                                                ; Off                ; Off                ;
; Block Design Naming                                                        ; Auto               ; Auto               ;
; SDC constraint protection                                                  ; Off                ; Off                ;
; Synthesis Effort                                                           ; Auto               ; Auto               ;
; Shift Register Replacement - Allow Asynchronous Clear Signal               ; On                 ; On                 ;
; Pre-Mapping Resynthesis Optimization                                       ; Off                ; Off                ;
; Analysis & Synthesis Message Level                                         ; Medium             ; Medium             ;
; Disable Register Merging Across Hierarchies                                ; Auto               ; Auto               ;
; Resource Aware Inference For Block RAM                                     ; On                 ; On                 ;
+----------------------------------------------------------------------------+--------------------+--------------------+


+------------------------------------------+
; Parallel Compilation                     ;
+----------------------------+-------------+
; Processors                 ; Number      ;
+----------------------------+-------------+
; Number detected on machine ; 12          ;
; Maximum allowed            ; 12          ;
;                            ;             ;
; Average used               ; 1.00        ;
; Maximum used               ; 12          ;
;                            ;             ;
; Usage by Processor         ; % Time Used ;
;     Processor 1            ; 100.0%      ;
;     Processors 2-12        ;   0.0%      ;
+----------------------------+-------------+


+--------------------------------------------------------------------------------------------------------------------------------------------------------------+
; Analysis & Synthesis Source Files Read                                                                                                                       ;
+----------------------------------+-----------------+-----------------+-----------------------------------------------------------------------------+---------+
; File Name with User-Entered Path ; Used in Netlist ; File Type       ; File Name with Absolute Path                                                ; Library ;
+----------------------------------+-----------------+-----------------+-----------------------------------------------------------------------------+---------+
; Project_Fase1.vhd                ; yes             ; User VHDL File  ; C:/Users/AndreClerigo/Desktop/Git/LSD/Projeto/Fase1/Project_Fase1.vhd       ;         ;
; Mux2_1_8b.vhd                    ; yes             ; User VHDL File  ; C:/Users/AndreClerigo/Desktop/Git/LSD/Projeto/Fase1/Mux2_1_8b.vhd           ;         ;
; SignExtend_7b_to_8b.vhd          ; yes             ; User VHDL File  ; C:/Users/AndreClerigo/Desktop/Git/LSD/Projeto/Fase1/SignExtend_7b_to_8b.vhd ;         ;
; DMemory_256_8.vhd                ; yes             ; User VHDL File  ; C:/Users/AndreClerigo/Desktop/Git/LSD/Projeto/Fase1/DMemory_256_8.vhd       ;         ;
; ALU8.vhd                         ; yes             ; User VHDL File  ; C:/Users/AndreClerigo/Desktop/Git/LSD/Projeto/Fase1/ALU8.vhd                ;         ;
; IMemory_16_16.vhd                ; yes             ; User VHDL File  ; C:/Users/AndreClerigo/Desktop/Git/LSD/Projeto/Fase1/IMemory_16_16.vhd       ;         ;
; ProgramCounter_12.vhd            ; yes             ; User VHDL File  ; C:/Users/AndreClerigo/Desktop/Git/LSD/Projeto/Fase1/ProgramCounter_12.vhd   ;         ;
; Registers8.vhd                   ; yes             ; User VHDL File  ; C:/Users/AndreClerigo/Desktop/Git/LSD/Projeto/Fase1/Registers8.vhd          ;         ;
+----------------------------------+-----------------+-----------------+-----------------------------------------------------------------------------+---------+


+----------------------------------------------------------------------------------------------+
; Analysis & Synthesis Resource Usage Summary                                                  ;
+---------------------------------------------+------------------------------------------------+
; Resource                                    ; Usage                                          ;
+---------------------------------------------+------------------------------------------------+
; Estimated Total logic elements              ; 10                                             ;
;                                             ;                                                ;
; Total combinational functions               ; 10                                             ;
; Logic element usage by number of LUT inputs ;                                                ;
;     -- 4 input functions                    ; 8                                              ;
;     -- 3 input functions                    ; 1                                              ;
;     -- <=2 input functions                  ; 1                                              ;
;                                             ;                                                ;
; Logic elements by mode                      ;                                                ;
;     -- normal mode                          ; 10                                             ;
;     -- arithmetic mode                      ; 0                                              ;
;                                             ;                                                ;
; Total registers                             ; 10                                             ;
;     -- Dedicated logic registers            ; 10                                             ;
;     -- I/O registers                        ; 0                                              ;
;                                             ;                                                ;
; I/O pins                                    ; 20                                             ;
;                                             ;                                                ;
; Embedded Multiplier 9-bit elements          ; 0                                              ;
;                                             ;                                                ;
; Maximum fan-out node                        ; ProgramCounter_12:programcounter_12|s_count[0] ;
; Maximum fan-out                             ; 10                                             ;
; Total fan-out                               ; 95                                             ;
; Average fan-out                             ; 1.58                                           ;
+---------------------------------------------+------------------------------------------------+


+-------------------------------------------------------------------------------------------------------------------------------------------------------------------------------------------------------------------------------------------------------------+
; Analysis & Synthesis Resource Utilization by Entity                                                                                                                                                                                                         ;
+------------------------------------------+---------------------+---------------------------+-------------+--------------+---------+-----------+------+--------------+----------------------------------------------------+-------------------+--------------+
; Compilation Hierarchy Node               ; Combinational ALUTs ; Dedicated Logic Registers ; Memory Bits ; DSP Elements ; DSP 9x9 ; DSP 18x18 ; Pins ; Virtual Pins ; Full Hierarchy Name                                ; Entity Name       ; Library Name ;
+------------------------------------------+---------------------+---------------------------+-------------+--------------+---------+-----------+------+--------------+----------------------------------------------------+-------------------+--------------+
; |Project_Fase1                           ; 10 (0)              ; 10 (0)                    ; 0           ; 0            ; 0       ; 0         ; 20   ; 0            ; |Project_Fase1                                     ; Project_Fase1     ; work         ;
;    |IMemory_16_16:imemory|               ; 6 (6)               ; 6 (6)                     ; 0           ; 0            ; 0       ; 0         ; 0    ; 0            ; |Project_Fase1|IMemory_16_16:imemory               ; IMemory_16_16     ; work         ;
;    |ProgramCounter_12:programcounter_12| ; 4 (4)               ; 4 (4)                     ; 0           ; 0            ; 0       ; 0         ; 0    ; 0            ; |Project_Fase1|ProgramCounter_12:programcounter_12 ; ProgramCounter_12 ; work         ;
+------------------------------------------+---------------------+---------------------------+-------------+--------------+---------+-----------+------+--------------+----------------------------------------------------+-------------------+--------------+
Note: For table entries with two numbers listed, the numbers in parentheses indicate the number of resources of the given type used by the specific entity alone. The numbers listed outside of parentheses indicate the total resources of the given type used by the specific entity and all of its sub-entities in the hierarchy.


+--------------------------------------------------------------------------------+
; Registers Removed During Synthesis                                             ;
+---------------------------------------+----------------------------------------+
; Register name                         ; Reason for Removal                     ;
+---------------------------------------+----------------------------------------+
; IMemory_16_16:imemory|readData[3]     ; Stuck at GND due to stuck port data_in ;
; Total Number of Removed Registers = 1 ;                                        ;
+---------------------------------------+----------------------------------------+


+------------------------------------------------------+
; General Register Statistics                          ;
+----------------------------------------------+-------+
; Statistic                                    ; Value ;
+----------------------------------------------+-------+
; Total registers                              ; 10    ;
; Number of registers using Synchronous Clear  ; 0     ;
; Number of registers using Synchronous Load   ; 0     ;
; Number of registers using Asynchronous Clear ; 4     ;
; Number of registers using Asynchronous Load  ; 0     ;
; Number of registers using Clock Enable       ; 9     ;
; Number of registers using Preset             ; 0     ;
+----------------------------------------------+-------+


+----------------------------------------------------------------------------------+
; Parameter Settings for User Entity Instance: ProgramCounter_12:programcounter_12 ;
+----------------+-------+---------------------------------------------------------+
; Parameter Name ; Value ; Type                                                    ;
+----------------+-------+---------------------------------------------------------+
; n              ; 4     ; Signed Integer                                          ;
+----------------+-------+---------------------------------------------------------+
Note: In order to hide this table in the UI and the text report file, please set the "Show Parameter Settings in Synthesis Report" option in "Analysis and Synthesis Settings -> More Settings" to "Off".


+--------------------------------------------------------------------+
; Parameter Settings for User Entity Instance: IMemory_16_16:imemory ;
+----------------+-------+-------------------------------------------+
; Parameter Name ; Value ; Type                                      ;
+----------------+-------+-------------------------------------------+
; n              ; 16    ; Signed Integer                            ;
; adresslength   ; 4     ; Signed Integer                            ;
+----------------+-------+-------------------------------------------+
Note: In order to hide this table in the UI and the text report file, please set the "Show Parameter Settings in Synthesis Report" option in "Analysis and Synthesis Settings -> More Settings" to "Off".


+--------------------------------------------------------------------+
; Parameter Settings for User Entity Instance: Mux2_1_8b:mux2_1_8b_1 ;
+----------------+-------+-------------------------------------------+
; Parameter Name ; Value ; Type                                      ;
+----------------+-------+-------------------------------------------+
; bits           ; 8     ; Signed Integer                            ;
+----------------+-------+-------------------------------------------+
Note: In order to hide this table in the UI and the text report file, please set the "Show Parameter Settings in Synthesis Report" option in "Analysis and Synthesis Settings -> More Settings" to "Off".


+--------------------------------------------------------------------+
; Parameter Settings for User Entity Instance: Registers8:registers8 ;
+----------------+-------+-------------------------------------------+
; Parameter Name ; Value ; Type                                      ;
+----------------+-------+-------------------------------------------+
; ndata          ; 8     ; Signed Integer                            ;
; adress         ; 3     ; Signed Integer                            ;
+----------------+-------+-------------------------------------------+
Note: In order to hide this table in the UI and the text report file, please set the "Show Parameter Settings in Synthesis Report" option in "Analysis and Synthesis Settings -> More Settings" to "Off".


+--------------------------------------------------------------------------------------+
; Parameter Settings for User Entity Instance: SignExtend_7b_to_8b:signextend_7b_to_8b ;
+----------------+-------+-------------------------------------------------------------+
; Parameter Name ; Value ; Type                                                        ;
+----------------+-------+-------------------------------------------------------------+
; inbits         ; 7     ; Signed Integer                                              ;
; outbits        ; 8     ; Signed Integer                                              ;
+----------------+-------+-------------------------------------------------------------+
Note: In order to hide this table in the UI and the text report file, please set the "Show Parameter Settings in Synthesis Report" option in "Analysis and Synthesis Settings -> More Settings" to "Off".


+--------------------------------------------------------------------+
; Parameter Settings for User Entity Instance: Mux2_1_8b:mux2_1_8b_2 ;
+----------------+-------+-------------------------------------------+
; Parameter Name ; Value ; Type                                      ;
+----------------+-------+-------------------------------------------+
; bits           ; 3     ; Signed Integer                            ;
+----------------+-------+-------------------------------------------+
Note: In order to hide this table in the UI and the text report file, please set the "Show Parameter Settings in Synthesis Report" option in "Analysis and Synthesis Settings -> More Settings" to "Off".


+--------------------------------------------------------------------+
; Parameter Settings for User Entity Instance: Mux2_1_8b:mux2_1_8b_3 ;
+----------------+-------+-------------------------------------------+
; Parameter Name ; Value ; Type                                      ;
+----------------+-------+-------------------------------------------+
; bits           ; 8     ; Signed Integer                            ;
+----------------+-------+-------------------------------------------+
Note: In order to hide this table in the UI and the text report file, please set the "Show Parameter Settings in Synthesis Report" option in "Analysis and Synthesis Settings -> More Settings" to "Off".


+--------------------------------------------------------------------------+
; Parameter Settings for User Entity Instance: DMemory_256_8:dmemory_256_8 ;
+----------------+-------+-------------------------------------------------+
; Parameter Name ; Value ; Type                                            ;
+----------------+-------+-------------------------------------------------+
; nbits          ; 8     ; Signed Integer                                  ;
+----------------+-------+-------------------------------------------------+
Note: In order to hide this table in the UI and the text report file, please set the "Show Parameter Settings in Synthesis Report" option in "Analysis and Synthesis Settings -> More Settings" to "Off".


+--------------------------------------------------------+
; Parameter Settings for User Entity Instance: ALU8:alu8 ;
+----------------+-------+-------------------------------+
; Parameter Name ; Value ; Type                          ;
+----------------+-------+-------------------------------+
; n              ; 8     ; Signed Integer                ;
+----------------+-------+-------------------------------+
Note: In order to hide this table in the UI and the text report file, please set the "Show Parameter Settings in Synthesis Report" option in "Analysis and Synthesis Settings -> More Settings" to "Off".


+-----------------------------------------------------+
; Post-Synthesis Netlist Statistics for Top Partition ;
+-----------------------+-----------------------------+
; Type                  ; Count                       ;
+-----------------------+-----------------------------+
; boundary_port         ; 20                          ;
; cycloneiii_ff         ; 10                          ;
;     CLR               ; 1                           ;
;     ENA               ; 6                           ;
;     ENA CLR           ; 3                           ;
; cycloneiii_lcell_comb ; 11                          ;
;     normal            ; 11                          ;
;         0 data inputs ; 1                           ;
;         1 data inputs ; 1                           ;
;         3 data inputs ; 1                           ;
;         4 data inputs ; 8                           ;
;                       ;                             ;
; Max LUT depth         ; 1.00                        ;
; Average LUT depth     ; 0.60                        ;
+-----------------------+-----------------------------+


+-------------------------------+
; Elapsed Time Per Partition    ;
+----------------+--------------+
; Partition Name ; Elapsed Time ;
+----------------+--------------+
; Top            ; 00:00:00     ;
+----------------+--------------+


+-------------------------------+
; Analysis & Synthesis Messages ;
+-------------------------------+
Info: *******************************************************************
Info: Running Quartus Prime Analysis & Synthesis
    Info: Version 17.1.0 Build 590 10/25/2017 SJ Lite Edition
    Info: Processing started: Sat May 30 03:01:12 2020
Info: Command: quartus_map --read_settings_files=on --write_settings_files=off Project_Fase1 -c Project_Fase1
Warning (18236): Number of processors has not been specified which may cause overloading on shared machines.  Set the global assignment NUM_PARALLEL_PROCESSORS in your QSF to an appropriate value for best performance.
Info (20030): Parallel compilation is enabled and will use 12 of the 12 processors detected
Info (12021): Found 1 design units, including 1 entities, in source file project_fase1_visual.bdf
    Info (12023): Found entity 1: Project_Fase1_Visual
Info (12021): Found 2 design units, including 1 entities, in source file project_fase1.vhd
    Info (12022): Found design unit 1: Project_Fase1-Structural File: C:/Users/AndreClerigo/Desktop/Git/LSD/Projeto/Fase1/Project_Fase1.vhd Line: 19
    Info (12023): Found entity 1: Project_Fase1 File: C:/Users/AndreClerigo/Desktop/Git/LSD/Projeto/Fase1/Project_Fase1.vhd Line: 4
Info (12021): Found 2 design units, including 1 entities, in source file mux2_1_8b.vhd
    Info (12022): Found design unit 1: Mux2_1_8b-Behavioral File: C:/Users/AndreClerigo/Desktop/Git/LSD/Projeto/Fase1/Mux2_1_8b.vhd Line: 12
    Info (12023): Found entity 1: Mux2_1_8b File: C:/Users/AndreClerigo/Desktop/Git/LSD/Projeto/Fase1/Mux2_1_8b.vhd Line: 4
Info (12021): Found 2 design units, including 1 entities, in source file signextend_7b_to_8b.vhd
    Info (12022): Found design unit 1: SignExtend_7b_to_8b-Behavioral File: C:/Users/AndreClerigo/Desktop/Git/LSD/Projeto/Fase1/SignExtend_7b_to_8b.vhd Line: 11
    Info (12023): Found entity 1: SignExtend_7b_to_8b File: C:/Users/AndreClerigo/Desktop/Git/LSD/Projeto/Fase1/SignExtend_7b_to_8b.vhd Line: 4
Info (12021): Found 2 design units, including 1 entities, in source file dmemory_256_8.vhd
    Info (12022): Found design unit 1: DMemory_256_8-Behavioral File: C:/Users/AndreClerigo/Desktop/Git/LSD/Projeto/Fase1/DMemory_256_8.vhd Line: 14
    Info (12023): Found entity 1: DMemory_256_8 File: C:/Users/AndreClerigo/Desktop/Git/LSD/Projeto/Fase1/DMemory_256_8.vhd Line: 5
Info (12021): Found 2 design units, including 1 entities, in source file alu8.vhd
    Info (12022): Found design unit 1: ALU8-Behavioral File: C:/Users/AndreClerigo/Desktop/Git/LSD/Projeto/Fase1/ALU8.vhd Line: 13
    Info (12023): Found entity 1: ALU8 File: C:/Users/AndreClerigo/Desktop/Git/LSD/Projeto/Fase1/ALU8.vhd Line: 5
Info (12021): Found 2 design units, including 1 entities, in source file mux2_1_8b_tb.vhd
    Info (12022): Found design unit 1: Mux2_1_8b_Tb-Stimulus File: C:/Users/AndreClerigo/Desktop/Git/LSD/Projeto/Fase1/Mux2_1_8b_Tb.vhd Line: 7
    Info (12023): Found entity 1: Mux2_1_8b_Tb File: C:/Users/AndreClerigo/Desktop/Git/LSD/Projeto/Fase1/Mux2_1_8b_Tb.vhd Line: 4
Info (12021): Found 2 design units, including 1 entities, in source file signextend_7b_to_8b_tb.vhd
    Info (12022): Found design unit 1: SignExtend_7b_to_8b_Tb-Stimulus File: C:/Users/AndreClerigo/Desktop/Git/LSD/Projeto/Fase1/SignExtend_7b_to_8b_Tb.vhd Line: 7
    Info (12023): Found entity 1: SignExtend_7b_to_8b_Tb File: C:/Users/AndreClerigo/Desktop/Git/LSD/Projeto/Fase1/SignExtend_7b_to_8b_Tb.vhd Line: 4
Info (12021): Found 2 design units, including 1 entities, in source file alu8_tb.vhd
    Info (12022): Found design unit 1: ALU8_tB-Stimulus File: C:/Users/AndreClerigo/Desktop/Git/LSD/Projeto/Fase1/ALU8_Tb.vhd Line: 8
    Info (12023): Found entity 1: ALU8_Tb File: C:/Users/AndreClerigo/Desktop/Git/LSD/Projeto/Fase1/ALU8_Tb.vhd Line: 5
Info (12021): Found 2 design units, including 1 entities, in source file imemory_16_16.vhd
    Info (12022): Found design unit 1: IMemory_16_16-Behavioral File: C:/Users/AndreClerigo/Desktop/Git/LSD/Projeto/Fase1/IMemory_16_16.vhd Line: 14
    Info (12023): Found entity 1: IMemory_16_16 File: C:/Users/AndreClerigo/Desktop/Git/LSD/Projeto/Fase1/IMemory_16_16.vhd Line: 5
Info (12021): Found 2 design units, including 1 entities, in source file dmemory_256_8_tb.vhd
    Info (12022): Found design unit 1: DMemory_256_8_Tb-Stimulus File: C:/Users/AndreClerigo/Desktop/Git/LSD/Projeto/Fase1/DMemory_256_8_Tb.vhd Line: 8
    Info (12023): Found entity 1: DMemory_256_8_Tb File: C:/Users/AndreClerigo/Desktop/Git/LSD/Projeto/Fase1/DMemory_256_8_Tb.vhd Line: 5
Info (12021): Found 2 design units, including 1 entities, in source file programcounter_12.vhd
    Info (12022): Found design unit 1: ProgramCounter_12-Behavioral File: C:/Users/AndreClerigo/Desktop/Git/LSD/Projeto/Fase1/ProgramCounter_12.vhd Line: 13
    Info (12023): Found entity 1: ProgramCounter_12 File: C:/Users/AndreClerigo/Desktop/Git/LSD/Projeto/Fase1/ProgramCounter_12.vhd Line: 5
Info (12021): Found 2 design units, including 1 entities, in source file programcounter_12_tb.vhd
    Info (12022): Found design unit 1: ProgramCounter_12_Tb-Stimulus File: C:/Users/AndreClerigo/Desktop/Git/LSD/Projeto/Fase1/ProgramCounter_12_Tb.vhd Line: 8
    Info (12023): Found entity 1: ProgramCounter_12_Tb File: C:/Users/AndreClerigo/Desktop/Git/LSD/Projeto/Fase1/ProgramCounter_12_Tb.vhd Line: 5
Info (12021): Found 2 design units, including 1 entities, in source file imemory_16_16_tb.vhd
    Info (12022): Found design unit 1: IMemory_16_16_Tb-Stimulus File: C:/Users/AndreClerigo/Desktop/Git/LSD/Projeto/Fase1/IMemory_16_16_Tb.vhd Line: 8
    Info (12023): Found entity 1: IMemory_16_16_Tb File: C:/Users/AndreClerigo/Desktop/Git/LSD/Projeto/Fase1/IMemory_16_16_Tb.vhd Line: 5
Info (12021): Found 2 design units, including 1 entities, in source file registern.vhd
    Info (12022): Found design unit 1: RegisterN-Behavioral File: C:/Users/AndreClerigo/Desktop/Git/LSD/Projeto/Fase1/RegisterN.vhd Line: 12
    Info (12023): Found entity 1: RegisterN File: C:/Users/AndreClerigo/Desktop/Git/LSD/Projeto/Fase1/RegisterN.vhd Line: 4
Info (12021): Found 2 design units, including 1 entities, in source file registers8.vhd
    Info (12022): Found design unit 1: Registers8-Behavioral File: C:/Users/AndreClerigo/Desktop/Git/LSD/Projeto/Fase1/Registers8.vhd Line: 19
    Info (12023): Found entity 1: Registers8 File: C:/Users/AndreClerigo/Desktop/Git/LSD/Projeto/Fase1/Registers8.vhd Line: 5
Info (12021): Found 2 design units, including 1 entities, in source file project_fase1_tb.vhd
    Info (12022): Found design unit 1: Project_Fase1_Tb-Stimulus File: C:/Users/AndreClerigo/Desktop/Git/LSD/Projeto/Fase1/Project_Fase1_Tb.vhd Line: 8
    Info (12023): Found entity 1: Project_Fase1_Tb File: C:/Users/AndreClerigo/Desktop/Git/LSD/Projeto/Fase1/Project_Fase1_Tb.vhd Line: 5
Info (12021): Found 2 design units, including 1 entities, in source file registers8_tb.vhd
    Info (12022): Found design unit 1: Registers8_Tb-Stimulus File: C:/Users/AndreClerigo/Desktop/Git/LSD/Projeto/Fase1/Registers8_Tb.vhd Line: 8
    Info (12023): Found entity 1: Registers8_Tb File: C:/Users/AndreClerigo/Desktop/Git/LSD/Projeto/Fase1/Registers8_Tb.vhd Line: 5
Info (12127): Elaborating entity "Project_Fase1" for the top level hierarchy
Info (12129): Elaborating entity "ProgramCounter_12" using architecture "A:behavioral" for hierarchy "ProgramCounter_12:programcounter_12" File: C:/Users/AndreClerigo/Desktop/Git/LSD/Projeto/Fase1/Project_Fase1.vhd Line: 32
Info (12129): Elaborating entity "IMemory_16_16" using architecture "A:behavioral" for hierarchy "IMemory_16_16:imemory" File: C:/Users/AndreClerigo/Desktop/Git/LSD/Projeto/Fase1/Project_Fase1.vhd Line: 38
Info (12129): Elaborating entity "Mux2_1_8b" using architecture "A:behavioral" for hierarchy "Mux2_1_8b:mux2_1_8b_1" File: C:/Users/AndreClerigo/Desktop/Git/LSD/Projeto/Fase1/Project_Fase1.vhd Line: 46
Info (12129): Elaborating entity "Registers8" using architecture "A:behavioral" for hierarchy "Registers8:registers8" File: C:/Users/AndreClerigo/Desktop/Git/LSD/Projeto/Fase1/Project_Fase1.vhd Line: 53
Info (12129): Elaborating entity "SignExtend_7b_to_8b" using architecture "A:behavioral" for hierarchy "SignExtend_7b_to_8b:signextend_7b_to_8b" File: C:/Users/AndreClerigo/Desktop/Git/LSD/Projeto/Fase1/Project_Fase1.vhd Line: 66
Info (12129): Elaborating entity "Mux2_1_8b" using architecture "A:behavioral" for hierarchy "Mux2_1_8b:mux2_1_8b_2" File: C:/Users/AndreClerigo/Desktop/Git/LSD/Projeto/Fase1/Project_Fase1.vhd Line: 72
Info (12129): Elaborating entity "DMemory_256_8" using architecture "A:behavioral" for hierarchy "DMemory_256_8:dmemory_256_8" File: C:/Users/AndreClerigo/Desktop/Git/LSD/Projeto/Fase1/Project_Fase1.vhd Line: 88
Info (12129): Elaborating entity "ALU8" using architecture "A:behavioral" for hierarchy "ALU8:alu8" File: C:/Users/AndreClerigo/Desktop/Git/LSD/Projeto/Fase1/Project_Fase1.vhd Line: 97
Warning (13024): Output pins are stuck at VCC or GND
    Warning (13410): Pin "func[3]" is stuck at GND File: C:/Users/AndreClerigo/Desktop/Git/LSD/Projeto/Fase1/Project_Fase1.vhd Line: 16
Info (286030): Timing-Driven Synthesis is running
Info (16010): Generating hard_block partition "hard_block:auto_generated_inst"
    Info (16011): Adding 0 node(s), including 0 DDIO, 0 PLL, 0 transceiver and 0 LCELL
Warning (21074): Design contains 9 input pin(s) that do not drive logic
    Warning (15610): No output dependent on input pin "RegDst" File: C:/Users/AndreClerigo/Desktop/Git/LSD/Projeto/Fase1/Project_Fase1.vhd Line: 9
    Warning (15610): No output dependent on input pin "RegWr" File: C:/Users/AndreClerigo/Desktop/Git/LSD/Projeto/Fase1/Project_Fase1.vhd Line: 10
    Warning (15610): No output dependent on input pin "ALUSrc" File: C:/Users/AndreClerigo/Desktop/Git/LSD/Projeto/Fase1/Project_Fase1.vhd Line: 11
    Warning (15610): No output dependent on input pin "MemWr" File: C:/Users/AndreClerigo/Desktop/Git/LSD/Projeto/Fase1/Project_Fase1.vhd Line: 12
    Warning (15610): No output dependent on input pin "MemToReg" File: C:/Users/AndreClerigo/Desktop/Git/LSD/Projeto/Fase1/Project_Fase1.vhd Line: 13
    Warning (15610): No output dependent on input pin "ALUOp[0]" File: C:/Users/AndreClerigo/Desktop/Git/LSD/Projeto/Fase1/Project_Fase1.vhd Line: 14
    Warning (15610): No output dependent on input pin "ALUOp[1]" File: C:/Users/AndreClerigo/Desktop/Git/LSD/Projeto/Fase1/Project_Fase1.vhd Line: 14
    Warning (15610): No output dependent on input pin "ALUOp[2]" File: C:/Users/AndreClerigo/Desktop/Git/LSD/Projeto/Fase1/Project_Fase1.vhd Line: 14
    Warning (15610): No output dependent on input pin "ALUOp[3]" File: C:/Users/AndreClerigo/Desktop/Git/LSD/Projeto/Fase1/Project_Fase1.vhd Line: 14
Info (21057): Implemented 30 device resources after synthesis - the final resource count might be different
    Info (21058): Implemented 13 input pins
    Info (21059): Implemented 7 output pins
    Info (21061): Implemented 10 logic cells
Info: Quartus Prime Analysis & Synthesis was successful. 0 errors, 13 warnings
    Info: Peak virtual memory: 4844 megabytes
    Info: Processing ended: Sat May 30 03:01:23 2020
    Info: Elapsed time: 00:00:11
    Info: Total CPU time (on all processors): 00:00:22


